<?xml version="1.0" encoding="UTF-8"?>
<testng-results ignored="0" total="1" passed="1" failed="0" skipped="0">
  <reporter-output>
  </reporter-output>
  <suite started-at="2021-03-17T16:20:48 IST" name="Default suite" finished-at="2021-03-17T16:25:18 IST" duration-ms="269611">
    <groups>
    </groups>
    <test started-at="2021-03-17T16:20:48 IST" name="Default test" finished-at="2021-03-17T16:25:18 IST" duration-ms="269611">
      <class name="Orders.CreateOrderConfig">
        <test-method signature="createOrder()[pri:0, instance:Orders.CreateOrderConfig@2f8dad04]" started-at="2021-03-17T16:20:48 IST" name="createOrder" finished-at="2021-03-17T16:25:18 IST" duration-ms="269541" status="PASS">
          <reporter-output>
          </reporter-output>
        </test-method> <!-- createOrder -->
      </class> <!-- Orders.CreateOrderConfig -->
    </test> <!-- Default test -->
  </suite> <!-- Default suite -->
</testng-results>
